<?xml version="1.0" encoding="UTF-8"?>
<testsuite name="com.littlesight.springboot.web.PostsApiControllerTest" tests="2" skipped="0" failures="0" errors="0" timestamp="2020-09-15T11:36:37" hostname="DESKTOP-Q41C016" time="0.229">
  <properties/>
  <testcase name="Posts_regist" classname="com.littlesight.springboot.web.PostsApiControllerTest" time="0.157"/>
  <testcase name="Posts_update" classname="com.littlesight.springboot.web.PostsApiControllerTest" time="0.071"/>
  <system-out><![CDATA[2020-09-15 20:36:33.420  INFO 28772 --- [    Test worker] .b.t.c.SpringBootTestContextBootstrapper : Neither @ContextConfiguration nor @ContextHierarchy found for test class [com.littlesight.springboot.web.PostsApiControllerTest], using SpringBootContextLoader
2020-09-15 20:36:33.421  INFO 28772 --- [    Test worker] o.s.t.c.support.AbstractContextLoader    : Could not detect default resource locations for test class [com.littlesight.springboot.web.PostsApiControllerTest]: no resource found for suffixes {-context.xml, Context.groovy}.
2020-09-15 20:36:33.421  INFO 28772 --- [    Test worker] t.c.s.AnnotationConfigContextLoaderUtils : Could not detect default configuration classes for test class [com.littlesight.springboot.web.PostsApiControllerTest]: PostsApiControllerTest does not declare any static, non-private, non-final, nested classes annotated with @Configuration.
2020-09-15 20:36:33.425  INFO 28772 --- [    Test worker] .b.t.c.SpringBootTestContextBootstrapper : Found @SpringBootConfiguration com.littlesight.springboot.Application for test class com.littlesight.springboot.web.PostsApiControllerTest
2020-09-15 20:36:33.428  INFO 28772 --- [    Test worker] .b.t.c.SpringBootTestContextBootstrapper : Loaded default TestExecutionListener class names from location [META-INF/spring.factories]: [org.springframework.security.test.context.support.WithSecurityContextTestExecutionListener, org.springframework.security.test.context.support.ReactorContextTestExecutionListener, org.springframework.boot.test.autoconfigure.restdocs.RestDocsTestExecutionListener, org.springframework.boot.test.autoconfigure.web.client.MockRestServiceServerResetTestExecutionListener, org.springframework.boot.test.autoconfigure.web.servlet.MockMvcPrintOnlyOnFailureTestExecutionListener, org.springframework.boot.test.autoconfigure.web.servlet.WebDriverTestExecutionListener, org.springframework.boot.test.mock.mockito.MockitoTestExecutionListener, org.springframework.boot.test.mock.mockito.ResetMocksTestExecutionListener, org.springframework.test.context.web.ServletTestExecutionListener, org.springframework.test.context.support.DirtiesContextBeforeModesTestExecutionListener, org.springframework.test.context.support.DependencyInjectionTestExecutionListener, org.springframework.test.context.support.DirtiesContextTestExecutionListener, org.springframework.test.context.transaction.TransactionalTestExecutionListener, org.springframework.test.context.jdbc.SqlScriptsTestExecutionListener]
2020-09-15 20:36:33.430  INFO 28772 --- [    Test worker] .b.t.c.SpringBootTestContextBootstrapper : Using TestExecutionListeners: [org.springframework.test.context.web.ServletTestExecutionListener@2de766ff, org.springframework.test.context.support.DirtiesContextBeforeModesTestExecutionListener@28453454, org.springframework.boot.test.mock.mockito.MockitoTestExecutionListener@30a792e0, org.springframework.boot.test.autoconfigure.SpringBootDependencyInjectionTestExecutionListener@5015b983, org.springframework.test.context.support.DirtiesContextTestExecutionListener@4653fde0, org.springframework.test.context.transaction.TransactionalTestExecutionListener@473596ea, org.springframework.test.context.jdbc.SqlScriptsTestExecutionListener@4b093c7e, org.springframework.security.test.context.support.WithSecurityContextTestExecutionListener@362d4d3d, org.springframework.security.test.context.support.ReactorContextTestExecutionListener@6fc81ae5, org.springframework.boot.test.autoconfigure.restdocs.RestDocsTestExecutionListener@4a14330, org.springframework.boot.test.autoconfigure.web.client.MockRestServiceServerResetTestExecutionListener@6496516, org.springframework.boot.test.autoconfigure.web.servlet.MockMvcPrintOnlyOnFailureTestExecutionListener@5ad18447, org.springframework.boot.test.autoconfigure.web.servlet.WebDriverTestExecutionListener@7561b2ca, org.springframework.boot.test.mock.mockito.ResetMocksTestExecutionListener@7bd7c795]

  .   ____          _            __ _ _
 /\\ / ___'_ __ _ _(_)_ __  __ _ \ \ \ \
( ( )\___ | '_ | '_| | '_ \/ _` | \ \ \ \
 \\/  ___)| |_)| | | | | || (_| |  ) ) ) )
  '  |____| .__|_| |_|_| |_\__, | / / / /
 =========|_|==============|___/=/_/_/_/
 :: Spring Boot ::        (v2.1.7.RELEASE)

2020-09-15 20:36:33.497  INFO 28772 --- [    Test worker] c.l.s.web.PostsApiControllerTest         : Starting PostsApiControllerTest on DESKTOP-Q41C016 with PID 28772 (started by SysLab in D:\MyCode\springboot)
2020-09-15 20:36:33.497  INFO 28772 --- [    Test worker] c.l.s.web.PostsApiControllerTest         : No active profile set, falling back to default profiles: default
2020-09-15 20:36:33.807  INFO 28772 --- [    Test worker] .s.d.r.c.RepositoryConfigurationDelegate : Bootstrapping Spring Data repositories in DEFAULT mode.
2020-09-15 20:36:33.838  INFO 28772 --- [    Test worker] .s.d.r.c.RepositoryConfigurationDelegate : Finished Spring Data repository scanning in 31ms. Found 2 repository interfaces.
2020-09-15 20:36:33.973  INFO 28772 --- [    Test worker] trationDelegate$BeanPostProcessorChecker : Bean 'org.springframework.transaction.annotation.ProxyTransactionManagementConfiguration' of type [org.springframework.transaction.annotation.ProxyTransactionManagementConfiguration$$EnhancerBySpringCGLIB$$fbecbb0c] is not eligible for getting processed by all BeanPostProcessors (for example: not eligible for auto-proxying)
2020-09-15 20:36:34.351  INFO 28772 --- [    Test worker] o.s.b.w.embedded.tomcat.TomcatWebServer  : Tomcat initialized with port(s): 0 (http)
2020-09-15 20:36:34.395  INFO 28772 --- [    Test worker] o.apache.catalina.core.StandardService   : Starting service [Tomcat]
2020-09-15 20:36:34.397  INFO 28772 --- [    Test worker] org.apache.catalina.core.StandardEngine  : Starting Servlet engine: [Apache Tomcat/9.0.22]
2020-09-15 20:36:34.687  INFO 28772 --- [    Test worker] o.a.c.c.C.[Tomcat].[localhost].[/]       : Initializing Spring embedded WebApplicationContext
2020-09-15 20:36:34.687  INFO 28772 --- [    Test worker] o.s.web.context.ContextLoader            : Root WebApplicationContext: initialization completed in 1183 ms
2020-09-15 20:36:35.029  INFO 28772 --- [    Test worker] com.zaxxer.hikari.HikariDataSource       : HikariPool-2 - Starting...
2020-09-15 20:36:35.031  INFO 28772 --- [    Test worker] com.zaxxer.hikari.HikariDataSource       : HikariPool-2 - Start completed.
2020-09-15 20:36:35.097  INFO 28772 --- [    Test worker] o.hibernate.jpa.internal.util.LogHelper  : HHH000204: Processing PersistenceUnitInfo [
	name: default
	...]
2020-09-15 20:36:35.115  INFO 28772 --- [    Test worker] org.hibernate.dialect.Dialect            : HHH000400: Using dialect: org.hibernate.dialect.H2Dialect
Hibernate: drop table posts if exists
Hibernate: drop table user if exists
Hibernate: create table posts (id bigint generated by default as identity, created_time timestamp, modified_time timestamp, author varchar(255), category varchar(255), content TEXT not null, title varchar(500) not null, primary key (id))
Hibernate: create table user (id bigint generated by default as identity, created_time timestamp, modified_time timestamp, email varchar(255) not null, name varchar(255) not null, picture varchar(255), role varchar(255) not null, primary key (id))
2020-09-15 20:36:35.221  INFO 28772 --- [    Test worker] o.h.t.schema.internal.SchemaCreatorImpl  : HHH000476: Executing import script 'org.hibernate.tool.schema.internal.exec.ScriptSourceInputNonExistentImpl@59021ee3'
2020-09-15 20:36:35.222  INFO 28772 --- [    Test worker] j.LocalContainerEntityManagerFactoryBean : Initialized JPA EntityManagerFactory for persistence unit 'default'
2020-09-15 20:36:35.757  INFO 28772 --- [    Test worker] o.h.h.i.QueryTranslatorFactoryInitiator  : HHH000397: Using ASTQueryTranslatorFactory
2020-09-15 20:36:36.072  INFO 28772 --- [    Test worker] o.s.s.web.DefaultSecurityFilterChain     : Creating filter chain: any request, [org.springframework.security.web.context.request.async.WebAsyncManagerIntegrationFilter@25da0729, org.springframework.security.web.context.SecurityContextPersistenceFilter@5f613da9, org.springframework.security.web.header.HeaderWriterFilter@270bb1ea, org.springframework.security.web.authentication.logout.LogoutFilter@40e0aa8c, org.springframework.security.oauth2.client.web.OAuth2AuthorizationRequestRedirectFilter@1ba48171, org.springframework.security.oauth2.client.web.OAuth2LoginAuthenticationFilter@5c153e41, org.springframework.security.web.authentication.ui.DefaultLoginPageGeneratingFilter@163a4197, org.springframework.security.web.authentication.ui.DefaultLogoutPageGeneratingFilter@3fe87bdc, org.springframework.security.web.savedrequest.RequestCacheAwareFilter@d14c06c, org.springframework.security.web.servletapi.SecurityContextHolderAwareRequestFilter@776aa4c5, org.springframework.security.web.authentication.AnonymousAuthenticationFilter@78ca59, org.springframework.security.web.session.SessionManagementFilter@72226275, org.springframework.security.web.access.ExceptionTranslationFilter@12a811f8, org.springframework.security.web.access.intercept.FilterSecurityInterceptor@7bac209e]
2020-09-15 20:36:36.359  INFO 28772 --- [    Test worker] o.s.s.concurrent.ThreadPoolTaskExecutor  : Initializing ExecutorService 'applicationTaskExecutor'
2020-09-15 20:36:36.389  WARN 28772 --- [    Test worker] aWebConfiguration$JpaWebMvcConfiguration : spring.jpa.open-in-view is enabled by default. Therefore, database queries may be performed during view rendering. Explicitly configure spring.jpa.open-in-view to disable this warning
2020-09-15 20:36:36.455  INFO 28772 --- [    Test worker] o.s.b.a.w.s.WelcomePageHandlerMapping    : Adding welcome page template: index
2020-09-15 20:36:37.035  INFO 28772 --- [    Test worker] s.a.ScheduledAnnotationBeanPostProcessor : No TaskScheduler/ScheduledExecutorService bean found for scheduled processing
2020-09-15 20:36:37.091  INFO 28772 --- [    Test worker] o.s.b.w.embedded.tomcat.TomcatWebServer  : Tomcat started on port(s): 13248 (http) with context path ''
2020-09-15 20:36:37.092  INFO 28772 --- [    Test worker] c.l.s.web.PostsApiControllerTest         : Started PostsApiControllerTest in 3.658 seconds (JVM running for 18.514)
2020-09-15 20:36:37.108  INFO 28772 --- [    Test worker] o.a.c.c.C.[Tomcat].[localhost].[/]       : Initializing Spring TestDispatcherServlet ''
2020-09-15 20:36:37.108  INFO 28772 --- [    Test worker] o.s.t.web.servlet.TestDispatcherServlet  : Initializing Servlet ''
2020-09-15 20:36:37.128  INFO 28772 --- [    Test worker] o.s.t.web.servlet.TestDispatcherServlet  : Completed initialization in 20 ms
Hibernate: insert into posts (id, created_time, modified_time, author, category, content, title) values (null, ?, ?, ?, ?, ?, ?)
Hibernate: select posts0_.id as id1_0_, posts0_.created_time as created_2_0_, posts0_.modified_time as modified3_0_, posts0_.author as author4_0_, posts0_.category as category5_0_, posts0_.content as content6_0_, posts0_.title as title7_0_ from posts posts0_
Hibernate: select posts0_.id as id1_0_, posts0_.created_time as created_2_0_, posts0_.modified_time as modified3_0_, posts0_.author as author4_0_, posts0_.category as category5_0_, posts0_.content as content6_0_, posts0_.title as title7_0_ from posts posts0_
Hibernate: delete from posts where id=?
2020-09-15 20:36:37.269  INFO 28772 --- [    Test worker] o.a.c.c.C.[Tomcat].[localhost].[/]       : Initializing Spring TestDispatcherServlet ''
2020-09-15 20:36:37.270  INFO 28772 --- [    Test worker] o.s.t.web.servlet.TestDispatcherServlet  : Initializing Servlet ''
2020-09-15 20:36:37.274  INFO 28772 --- [    Test worker] o.s.t.web.servlet.TestDispatcherServlet  : Completed initialization in 3 ms
Hibernate: insert into posts (id, created_time, modified_time, author, category, content, title) values (null, ?, ?, ?, ?, ?, ?)
Hibernate: select posts0_.id as id1_0_0_, posts0_.created_time as created_2_0_0_, posts0_.modified_time as modified3_0_0_, posts0_.author as author4_0_0_, posts0_.category as category5_0_0_, posts0_.content as content6_0_0_, posts0_.title as title7_0_0_ from posts posts0_ where posts0_.id=?
Hibernate: update posts set created_time=?, modified_time=?, author=?, category=?, content=?, title=? where id=?
Hibernate: select posts0_.id as id1_0_, posts0_.created_time as created_2_0_, posts0_.modified_time as modified3_0_, posts0_.author as author4_0_, posts0_.category as category5_0_, posts0_.content as content6_0_, posts0_.title as title7_0_ from posts posts0_
Hibernate: select posts0_.id as id1_0_, posts0_.created_time as created_2_0_, posts0_.modified_time as modified3_0_, posts0_.author as author4_0_, posts0_.category as category5_0_, posts0_.content as content6_0_, posts0_.title as title7_0_ from posts posts0_
Hibernate: delete from posts where id=?
]]></system-out>
  <system-err><![CDATA[]]></system-err>
</testsuite>
