<?xml version="1.0" encoding="UTF-8"?>
<testsuite name="com.littlesight.springboot.web.HelloControllerTest" tests="2" skipped="0" failures="0" errors="0" timestamp="2020-09-15T11:36:33" hostname="DESKTOP-Q41C016" time="0.221">
  <properties/>
  <testcase name="helloDto_return" classname="com.littlesight.springboot.web.HelloControllerTest" time="0.211"/>
  <testcase name="hello_return" classname="com.littlesight.springboot.web.HelloControllerTest" time="0.009"/>
  <system-out><![CDATA[2020-09-15 20:36:31.529  INFO 28772 --- [    Test worker] .b.t.a.w.s.WebMvcTestContextBootstrapper : Neither @ContextConfiguration nor @ContextHierarchy found for test class [com.littlesight.springboot.web.HelloControllerTest], using SpringBootContextLoader
2020-09-15 20:36:31.535  INFO 28772 --- [    Test worker] o.s.t.c.support.AbstractContextLoader    : Could not detect default resource locations for test class [com.littlesight.springboot.web.HelloControllerTest]: no resource found for suffixes {-context.xml, Context.groovy}.
2020-09-15 20:36:31.535  INFO 28772 --- [    Test worker] t.c.s.AnnotationConfigContextLoaderUtils : Could not detect default configuration classes for test class [com.littlesight.springboot.web.HelloControllerTest]: HelloControllerTest does not declare any static, non-private, non-final, nested classes annotated with @Configuration.
2020-09-15 20:36:31.584  INFO 28772 --- [    Test worker] .b.t.c.SpringBootTestContextBootstrapper : Found @SpringBootConfiguration com.littlesight.springboot.Application for test class com.littlesight.springboot.web.HelloControllerTest
2020-09-15 20:36:31.585  INFO 28772 --- [    Test worker] .b.t.a.w.s.WebMvcTestContextBootstrapper : Loaded default TestExecutionListener class names from location [META-INF/spring.factories]: [org.springframework.security.test.context.support.WithSecurityContextTestExecutionListener, org.springframework.security.test.context.support.ReactorContextTestExecutionListener, org.springframework.boot.test.autoconfigure.restdocs.RestDocsTestExecutionListener, org.springframework.boot.test.autoconfigure.web.client.MockRestServiceServerResetTestExecutionListener, org.springframework.boot.test.autoconfigure.web.servlet.MockMvcPrintOnlyOnFailureTestExecutionListener, org.springframework.boot.test.autoconfigure.web.servlet.WebDriverTestExecutionListener, org.springframework.boot.test.mock.mockito.MockitoTestExecutionListener, org.springframework.boot.test.mock.mockito.ResetMocksTestExecutionListener, org.springframework.test.context.web.ServletTestExecutionListener, org.springframework.test.context.support.DirtiesContextBeforeModesTestExecutionListener, org.springframework.test.context.support.DependencyInjectionTestExecutionListener, org.springframework.test.context.support.DirtiesContextTestExecutionListener, org.springframework.test.context.transaction.TransactionalTestExecutionListener, org.springframework.test.context.jdbc.SqlScriptsTestExecutionListener]
2020-09-15 20:36:31.586  INFO 28772 --- [    Test worker] .b.t.a.w.s.WebMvcTestContextBootstrapper : Using TestExecutionListeners: [org.springframework.test.context.web.ServletTestExecutionListener@6b5ba174, org.springframework.test.context.support.DirtiesContextBeforeModesTestExecutionListener@89b5819, org.springframework.boot.test.mock.mockito.MockitoTestExecutionListener@6e5833f1, org.springframework.boot.test.autoconfigure.SpringBootDependencyInjectionTestExecutionListener@203a3944, org.springframework.test.context.support.DirtiesContextTestExecutionListener@165c6c36, org.springframework.test.context.transaction.TransactionalTestExecutionListener@44d5a574, org.springframework.test.context.jdbc.SqlScriptsTestExecutionListener@6b3dc1a4, org.springframework.security.test.context.support.WithSecurityContextTestExecutionListener@1a3c359e, org.springframework.security.test.context.support.ReactorContextTestExecutionListener@6ff4d733, org.springframework.boot.test.autoconfigure.restdocs.RestDocsTestExecutionListener@66331bc, org.springframework.boot.test.autoconfigure.web.client.MockRestServiceServerResetTestExecutionListener@356f035, org.springframework.boot.test.autoconfigure.web.servlet.MockMvcPrintOnlyOnFailureTestExecutionListener@783db504, org.springframework.boot.test.autoconfigure.web.servlet.WebDriverTestExecutionListener@3139b87f, org.springframework.boot.test.mock.mockito.ResetMocksTestExecutionListener@2e488135]

  .   ____          _            __ _ _
 /\\ / ___'_ __ _ _(_)_ __  __ _ \ \ \ \
( ( )\___ | '_ | '_| | '_ \/ _` | \ \ \ \
 \\/  ___)| |_)| | | | | || (_| |  ) ) ) )
  '  |____| .__|_| |_|_| |_\__, | / / / /
 =========|_|==============|___/=/_/_/_/
 :: Spring Boot ::        (v2.1.7.RELEASE)

2020-09-15 20:36:31.651  INFO 28772 --- [    Test worker] c.l.springboot.web.HelloControllerTest   : Starting HelloControllerTest on DESKTOP-Q41C016 with PID 28772 (started by SysLab in D:\MyCode\springboot)
2020-09-15 20:36:31.655  INFO 28772 --- [    Test worker] c.l.springboot.web.HelloControllerTest   : No active profile set, falling back to default profiles: default
2020-09-15 20:36:32.430  INFO 28772 --- [    Test worker] o.s.s.concurrent.ThreadPoolTaskExecutor  : Initializing ExecutorService 'applicationTaskExecutor'
2020-09-15 20:36:32.485  INFO 28772 --- [    Test worker] o.s.b.a.w.s.WelcomePageHandlerMapping    : Adding welcome page template: index
2020-09-15 20:36:32.825  INFO 28772 --- [    Test worker] .s.s.UserDetailsServiceAutoConfiguration : 

Using generated security password: 58ba2d3a-66c2-4f98-ae54-c38b376ed219

2020-09-15 20:36:33.060  INFO 28772 --- [    Test worker] o.s.s.web.DefaultSecurityFilterChain     : Creating filter chain: any request, [org.springframework.security.web.context.request.async.WebAsyncManagerIntegrationFilter@54bb4ee2, org.springframework.security.web.context.SecurityContextPersistenceFilter@24a66bdb, org.springframework.security.web.header.HeaderWriterFilter@7245c258, org.springframework.security.web.csrf.CsrfFilter@4cc0d1f0, org.springframework.security.web.authentication.logout.LogoutFilter@16cc28ff, org.springframework.security.web.authentication.UsernamePasswordAuthenticationFilter@157874b9, org.springframework.security.web.authentication.ui.DefaultLoginPageGeneratingFilter@761b3c7, org.springframework.security.web.authentication.ui.DefaultLogoutPageGeneratingFilter@7e70e808, org.springframework.security.web.authentication.www.BasicAuthenticationFilter@3a03a1a4, org.springframework.security.web.savedrequest.RequestCacheAwareFilter@650162f7, org.springframework.security.web.servletapi.SecurityContextHolderAwareRequestFilter@398a3b0d, org.springframework.security.web.authentication.AnonymousAuthenticationFilter@595968e3, org.springframework.security.web.session.SessionManagementFilter@38c0c2b1, org.springframework.security.web.access.ExceptionTranslationFilter@27863c3, org.springframework.security.web.access.intercept.FilterSecurityInterceptor@4364a8a1]
2020-09-15 20:36:33.118  INFO 28772 --- [    Test worker] o.s.b.t.m.w.SpringBootMockServletContext : Initializing Spring TestDispatcherServlet ''
2020-09-15 20:36:33.118  INFO 28772 --- [    Test worker] o.s.t.web.servlet.TestDispatcherServlet  : Initializing Servlet ''
2020-09-15 20:36:33.138  INFO 28772 --- [    Test worker] o.s.t.web.servlet.TestDispatcherServlet  : Completed initialization in 20 ms
2020-09-15 20:36:33.188  INFO 28772 --- [    Test worker] c.l.springboot.web.HelloControllerTest   : Started HelloControllerTest in 1.597 seconds (JVM running for 14.61)
]]></system-out>
  <system-err><![CDATA[]]></system-err>
</testsuite>
