<?xml version="1.0" encoding="UTF-8"?>
<testsuite name="com.hw.mixvoice.domain.posts.PostsRepositoryTest" tests="2" skipped="0" failures="0" errors="0" timestamp="2023-11-28T04:43:41" hostname="DESKTOP-5TJ7OBF" time="0.327">
  <properties/>
  <testcase name="read_load" classname="com.hw.mixvoice.domain.posts.PostsRepositoryTest" time="0.316"/>
  <testcase name="BaseTimeEntity_Register" classname="com.hw.mixvoice.domain.posts.PostsRepositoryTest" time="0.01"/>
  <system-out><![CDATA[13:43:34.852 [Test worker] DEBUG org.springframework.test.context.junit4.SpringJUnit4ClassRunner - SpringJUnit4ClassRunner constructor called with [class com.hw.mixvoice.domain.posts.PostsRepositoryTest]
13:43:34.860 [Test worker] DEBUG org.springframework.test.context.BootstrapUtils - Instantiating CacheAwareContextLoaderDelegate from class [org.springframework.test.context.cache.DefaultCacheAwareContextLoaderDelegate]
13:43:34.867 [Test worker] DEBUG org.springframework.test.context.BootstrapUtils - Instantiating BootstrapContext using constructor [public org.springframework.test.context.support.DefaultBootstrapContext(java.lang.Class,org.springframework.test.context.CacheAwareContextLoaderDelegate)]
13:43:34.882 [Test worker] DEBUG org.springframework.test.context.BootstrapUtils - Instantiating TestContextBootstrapper for test class [com.hw.mixvoice.domain.posts.PostsRepositoryTest] from class [org.springframework.boot.test.context.SpringBootTestContextBootstrapper]
13:43:34.903 [Test worker] INFO org.springframework.boot.test.context.SpringBootTestContextBootstrapper - Neither @ContextConfiguration nor @ContextHierarchy found for test class [com.hw.mixvoice.domain.posts.PostsRepositoryTest], using SpringBootContextLoader
13:43:34.907 [Test worker] DEBUG org.springframework.test.context.support.AbstractContextLoader - Did not detect default resource location for test class [com.hw.mixvoice.domain.posts.PostsRepositoryTest]: class path resource [com/hw/mixvoice/domain/posts/PostsRepositoryTest-context.xml] does not exist
13:43:34.907 [Test worker] DEBUG org.springframework.test.context.support.AbstractContextLoader - Did not detect default resource location for test class [com.hw.mixvoice.domain.posts.PostsRepositoryTest]: class path resource [com/hw/mixvoice/domain/posts/PostsRepositoryTestContext.groovy] does not exist
13:43:34.907 [Test worker] INFO org.springframework.test.context.support.AbstractContextLoader - Could not detect default resource locations for test class [com.hw.mixvoice.domain.posts.PostsRepositoryTest]: no resource found for suffixes {-context.xml, Context.groovy}.
13:43:34.908 [Test worker] INFO org.springframework.test.context.support.AnnotationConfigContextLoaderUtils - Could not detect default configuration classes for test class [com.hw.mixvoice.domain.posts.PostsRepositoryTest]: PostsRepositoryTest does not declare any static, non-private, non-final, nested classes annotated with @Configuration.
13:43:34.950 [Test worker] DEBUG org.springframework.test.context.support.ActiveProfilesUtils - Could not find an 'annotation declaring class' for annotation type [org.springframework.test.context.ActiveProfiles] and class [com.hw.mixvoice.domain.posts.PostsRepositoryTest]
13:43:35.022 [Test worker] DEBUG org.springframework.context.annotation.ClassPathScanningCandidateComponentProvider - Identified candidate component class: file [D:\GitRepository_HW\web\mix-voice\server\build\classes\java\main\com\hw\mixvoice\Application.class]
13:43:35.023 [Test worker] INFO org.springframework.boot.test.context.SpringBootTestContextBootstrapper - Found @SpringBootConfiguration com.hw.mixvoice.Application for test class com.hw.mixvoice.domain.posts.PostsRepositoryTest
13:43:35.139 [Test worker] DEBUG org.springframework.boot.test.context.SpringBootTestContextBootstrapper - @TestExecutionListeners is not present for class [com.hw.mixvoice.domain.posts.PostsRepositoryTest]: using defaults.
13:43:35.140 [Test worker] INFO org.springframework.boot.test.context.SpringBootTestContextBootstrapper - Loaded default TestExecutionListener class names from location [META-INF/spring.factories]: [org.springframework.security.test.context.support.WithSecurityContextTestExecutionListener, org.springframework.security.test.context.support.ReactorContextTestExecutionListener, org.springframework.boot.test.autoconfigure.restdocs.RestDocsTestExecutionListener, org.springframework.boot.test.autoconfigure.web.client.MockRestServiceServerResetTestExecutionListener, org.springframework.boot.test.autoconfigure.web.servlet.MockMvcPrintOnlyOnFailureTestExecutionListener, org.springframework.boot.test.autoconfigure.web.servlet.WebDriverTestExecutionListener, org.springframework.boot.test.mock.mockito.MockitoTestExecutionListener, org.springframework.boot.test.mock.mockito.ResetMocksTestExecutionListener, org.springframework.test.context.web.ServletTestExecutionListener, org.springframework.test.context.support.DirtiesContextBeforeModesTestExecutionListener, org.springframework.test.context.support.DependencyInjectionTestExecutionListener, org.springframework.test.context.support.DirtiesContextTestExecutionListener, org.springframework.test.context.transaction.TransactionalTestExecutionListener, org.springframework.test.context.jdbc.SqlScriptsTestExecutionListener]
13:43:35.192 [Test worker] INFO org.springframework.boot.test.context.SpringBootTestContextBootstrapper - Using TestExecutionListeners: [org.springframework.test.context.web.ServletTestExecutionListener@53b88f08, org.springframework.test.context.support.DirtiesContextBeforeModesTestExecutionListener@2e1a464b, org.springframework.boot.test.mock.mockito.MockitoTestExecutionListener@4f3e61ad, org.springframework.boot.test.autoconfigure.SpringBootDependencyInjectionTestExecutionListener@49533623, org.springframework.test.context.support.DirtiesContextTestExecutionListener@5e0420ce, org.springframework.test.context.transaction.TransactionalTestExecutionListener@22d01d5b, org.springframework.test.context.jdbc.SqlScriptsTestExecutionListener@1edf33a5, org.springframework.security.test.context.support.WithSecurityContextTestExecutionListener@4e6dec73, org.springframework.security.test.context.support.ReactorContextTestExecutionListener@3110a720, org.springframework.boot.test.autoconfigure.restdocs.RestDocsTestExecutionListener@13084e9c, org.springframework.boot.test.autoconfigure.web.client.MockRestServiceServerResetTestExecutionListener@742d0543, org.springframework.boot.test.autoconfigure.web.servlet.MockMvcPrintOnlyOnFailureTestExecutionListener@558261c1, org.springframework.boot.test.autoconfigure.web.servlet.WebDriverTestExecutionListener@619fe5f6, org.springframework.boot.test.mock.mockito.ResetMocksTestExecutionListener@30323bf7]
13:43:35.198 [Test worker] DEBUG org.springframework.test.annotation.ProfileValueUtils - Retrieved @ProfileValueSourceConfiguration [null] for test class [com.hw.mixvoice.domain.posts.PostsRepositoryTest]
13:43:35.199 [Test worker] DEBUG org.springframework.test.annotation.ProfileValueUtils - Retrieved ProfileValueSource type [class org.springframework.test.annotation.SystemProfileValueSource] for class [com.hw.mixvoice.domain.posts.PostsRepositoryTest]
13:43:35.201 [Test worker] DEBUG org.springframework.test.annotation.ProfileValueUtils - Retrieved @ProfileValueSourceConfiguration [null] for test class [com.hw.mixvoice.domain.posts.PostsRepositoryTest]
13:43:35.201 [Test worker] DEBUG org.springframework.test.annotation.ProfileValueUtils - Retrieved ProfileValueSource type [class org.springframework.test.annotation.SystemProfileValueSource] for class [com.hw.mixvoice.domain.posts.PostsRepositoryTest]
13:43:35.203 [Test worker] DEBUG org.springframework.test.annotation.ProfileValueUtils - Retrieved @ProfileValueSourceConfiguration [null] for test class [com.hw.mixvoice.domain.posts.PostsRepositoryTest]
13:43:35.203 [Test worker] DEBUG org.springframework.test.annotation.ProfileValueUtils - Retrieved ProfileValueSource type [class org.springframework.test.annotation.SystemProfileValueSource] for class [com.hw.mixvoice.domain.posts.PostsRepositoryTest]
13:43:35.209 [Test worker] DEBUG org.springframework.test.context.support.AbstractDirtiesContextTestExecutionListener - Before test class: context [DefaultTestContext@11b0824e testClass = PostsRepositoryTest, testInstance = [null], testMethod = [null], testException = [null], mergedContextConfiguration = [WebMergedContextConfiguration@7e9a6854 testClass = PostsRepositoryTest, locations = '{}', classes = '{class com.hw.mixvoice.Application}', contextInitializerClasses = '[]', activeProfiles = '{}', propertySourceLocations = '{}', propertySourceProperties = '{org.springframework.boot.test.context.SpringBootTestContextBootstrapper=true}', contextCustomizers = set[org.springframework.boot.test.autoconfigure.properties.PropertyMappingContextCustomizer@0, org.springframework.boot.test.autoconfigure.web.servlet.WebDriverContextCustomizerFactory$Customizer@2e68486, org.springframework.boot.test.context.filter.ExcludeFilterContextCustomizer@27382c05, org.springframework.boot.test.json.DuplicateJsonObjectContextCustomizerFactory$DuplicateJsonObjectContextCustomizer@4de95a6f, org.springframework.boot.test.mock.mockito.MockitoContextCustomizer@0, org.springframework.boot.test.web.client.TestRestTemplateContextCustomizer@36ca9243], resourceBasePath = 'src/main/webapp', contextLoader = 'org.springframework.boot.test.context.SpringBootContextLoader', parent = [null]], attributes = map['org.springframework.test.context.web.ServletTestExecutionListener.activateListener' -> true]], class annotated with @DirtiesContext [false] with mode [null].
13:43:35.210 [Test worker] DEBUG org.springframework.test.annotation.ProfileValueUtils - Retrieved @ProfileValueSourceConfiguration [null] for test class [com.hw.mixvoice.domain.posts.PostsRepositoryTest]
13:43:35.210 [Test worker] DEBUG org.springframework.test.annotation.ProfileValueUtils - Retrieved ProfileValueSource type [class org.springframework.test.annotation.SystemProfileValueSource] for class [com.hw.mixvoice.domain.posts.PostsRepositoryTest]
13:43:35.232 [Test worker] DEBUG org.springframework.test.context.support.TestPropertySourceUtils - Adding inlined properties to environment: {spring.jmx.enabled=false, org.springframework.boot.test.context.SpringBootTestContextBootstrapper=true, server.port=-1}

  .   ____          _            __ _ _
 /\\ / ___'_ __ _ _(_)_ __  __ _ \ \ \ \
( ( )\___ | '_ | '_| | '_ \/ _` | \ \ \ \
 \\/  ___)| |_)| | | | | || (_| |  ) ) ) )
  '  |____| .__|_| |_|_| |_\__, | / / / /
 =========|_|==============|___/=/_/_/_/
 :: Spring Boot ::        (v2.1.7.RELEASE)

2023-11-28 13:43:35.752  INFO 20340 --- [    Test worker] c.h.m.domain.posts.PostsRepositoryTest   : Starting PostsRepositoryTest on DESKTOP-5TJ7OBF with PID 20340 (started by HyeonWoo in D:\GitRepository_HW\web\mix-voice\server)
2023-11-28 13:43:35.753  INFO 20340 --- [    Test worker] c.h.m.domain.posts.PostsRepositoryTest   : No active profile set, falling back to default profiles: default
2023-11-28 13:43:36.587  INFO 20340 --- [    Test worker] .s.d.r.c.RepositoryConfigurationDelegate : Bootstrapping Spring Data repositories in DEFAULT mode.
2023-11-28 13:43:36.657  INFO 20340 --- [    Test worker] .s.d.r.c.RepositoryConfigurationDelegate : Finished Spring Data repository scanning in 62ms. Found 2 repository interfaces.
2023-11-28 13:43:37.089  INFO 20340 --- [    Test worker] trationDelegate$BeanPostProcessorChecker : Bean 'org.springframework.transaction.annotation.ProxyTransactionManagementConfiguration' of type [org.springframework.transaction.annotation.ProxyTransactionManagementConfiguration$$EnhancerBySpringCGLIB$$d5fa9e74] is not eligible for getting processed by all BeanPostProcessors (for example: not eligible for auto-proxying)
2023-11-28 13:43:37.327  INFO 20340 --- [    Test worker] com.zaxxer.hikari.HikariDataSource       : HikariPool-1 - Starting...
2023-11-28 13:43:37.475  INFO 20340 --- [    Test worker] com.zaxxer.hikari.HikariDataSource       : HikariPool-1 - Start completed.
2023-11-28 13:43:37.549  INFO 20340 --- [    Test worker] o.hibernate.jpa.internal.util.LogHelper  : HHH000204: Processing PersistenceUnitInfo [
	name: default
	...]
2023-11-28 13:43:37.615  INFO 20340 --- [    Test worker] org.hibernate.Version                    : HHH000412: Hibernate Core {5.3.10.Final}
2023-11-28 13:43:37.616  INFO 20340 --- [    Test worker] org.hibernate.cfg.Environment            : HHH000206: hibernate.properties not found
2023-11-28 13:43:37.789  INFO 20340 --- [    Test worker] o.hibernate.annotations.common.Version   : HCANN000001: Hibernate Commons Annotations {5.0.4.Final}
2023-11-28 13:43:37.972  INFO 20340 --- [    Test worker] org.hibernate.dialect.Dialect            : HHH000400: Using dialect: org.hibernate.dialect.H2Dialect
Hibernate: drop table posts if exists
Hibernate: drop table user if exists
Hibernate: create table posts (id bigint generated by default as identity, created_time timestamp, modified_time timestamp, author varchar(255), category varchar(255), content TEXT not null, title varchar(500) not null, primary key (id))
Hibernate: create table user (id bigint generated by default as identity, created_time timestamp, modified_time timestamp, email varchar(255) not null, name varchar(255) not null, picture varchar(255), role varchar(255) not null, primary key (id))
2023-11-28 13:43:38.661  INFO 20340 --- [    Test worker] o.h.t.schema.internal.SchemaCreatorImpl  : HHH000476: Executing import script 'org.hibernate.tool.schema.internal.exec.ScriptSourceInputNonExistentImpl@4b09c7f0'
2023-11-28 13:43:38.665  INFO 20340 --- [    Test worker] j.LocalContainerEntityManagerFactoryBean : Initialized JPA EntityManagerFactory for persistence unit 'default'
2023-11-28 13:43:39.318  INFO 20340 --- [    Test worker] o.h.h.i.QueryTranslatorFactoryInitiator  : HHH000397: Using ASTQueryTranslatorFactory
2023-11-28 13:43:40.019  INFO 20340 --- [    Test worker] o.s.s.web.DefaultSecurityFilterChain     : Creating filter chain: any request, [org.springframework.security.web.context.request.async.WebAsyncManagerIntegrationFilter@45144199, org.springframework.security.web.context.SecurityContextPersistenceFilter@38e8c14, org.springframework.security.web.header.HeaderWriterFilter@2489d431, org.springframework.security.web.authentication.logout.LogoutFilter@1b44081a, org.springframework.security.oauth2.client.web.OAuth2AuthorizationRequestRedirectFilter@24b7ac26, org.springframework.security.oauth2.client.web.OAuth2LoginAuthenticationFilter@3f6bdc82, org.springframework.security.web.authentication.ui.DefaultLoginPageGeneratingFilter@7e6d5f18, org.springframework.security.web.authentication.ui.DefaultLogoutPageGeneratingFilter@596fecfb, org.springframework.security.web.savedrequest.RequestCacheAwareFilter@13eb70a1, org.springframework.security.web.servletapi.SecurityContextHolderAwareRequestFilter@52333e03, org.springframework.security.web.authentication.AnonymousAuthenticationFilter@3aad432b, org.springframework.security.web.session.SessionManagementFilter@7cdc7837, org.springframework.security.web.access.ExceptionTranslationFilter@7d78e53f, org.springframework.security.web.access.intercept.FilterSecurityInterceptor@2eaf3e4e]
2023-11-28 13:43:40.961  INFO 20340 --- [    Test worker] o.s.s.concurrent.ThreadPoolTaskExecutor  : Initializing ExecutorService 'applicationTaskExecutor'
2023-11-28 13:43:41.018  WARN 20340 --- [    Test worker] aWebConfiguration$JpaWebMvcConfiguration : spring.jpa.open-in-view is enabled by default. Therefore, database queries may be performed during view rendering. Explicitly configure spring.jpa.open-in-view to disable this warning
2023-11-28 13:43:41.067  INFO 20340 --- [    Test worker] o.s.b.a.w.s.WelcomePageHandlerMapping    : Adding welcome page template: index
2023-11-28 13:43:41.662  INFO 20340 --- [    Test worker] s.a.ScheduledAnnotationBeanPostProcessor : No TaskScheduler/ScheduledExecutorService bean found for scheduled processing
2023-11-28 13:43:41.673  INFO 20340 --- [    Test worker] c.h.m.domain.posts.PostsRepositoryTest   : Started PostsRepositoryTest in 6.431 seconds (JVM running for 8.102)
Hibernate: insert into posts (id, created_time, modified_time, author, category, content, title) values (null, ?, ?, ?, ?, ?, ?)
Hibernate: select posts0_.id as id1_0_, posts0_.created_time as created_2_0_, posts0_.modified_time as modified3_0_, posts0_.author as author4_0_, posts0_.category as category5_0_, posts0_.content as content6_0_, posts0_.title as title7_0_ from posts posts0_
Hibernate: select posts0_.id as id1_0_, posts0_.created_time as created_2_0_, posts0_.modified_time as modified3_0_, posts0_.author as author4_0_, posts0_.category as category5_0_, posts0_.content as content6_0_, posts0_.title as title7_0_ from posts posts0_
Hibernate: delete from posts where id=?
Hibernate: insert into posts (id, created_time, modified_time, author, category, content, title) values (null, ?, ?, ?, ?, ?, ?)
Hibernate: select posts0_.id as id1_0_, posts0_.created_time as created_2_0_, posts0_.modified_time as modified3_0_, posts0_.author as author4_0_, posts0_.category as category5_0_, posts0_.content as content6_0_, posts0_.title as title7_0_ from posts posts0_
CreateDate = 2023-11-28T13:43:42.015 modifiedDate = 2023-11-28T13:43:42.015
Hibernate: select posts0_.id as id1_0_, posts0_.created_time as created_2_0_, posts0_.modified_time as modified3_0_, posts0_.author as author4_0_, posts0_.category as category5_0_, posts0_.content as content6_0_, posts0_.title as title7_0_ from posts posts0_
Hibernate: delete from posts where id=?
]]></system-out>
  <system-err><![CDATA[]]></system-err>
</testsuite>
